{
  "stats": {
    "suites": 1,
    "tests": 10,
    "passes": 10,
    "pending": 0,
    "failures": 0,
    "start": "2026-03-06T03:31:00.244Z",
    "end": "2026-03-06T03:31:11.123Z",
    "duration": 10879,
    "testsRegistered": 10,
    "passPercent": 100,
    "pendingPercent": 0,
    "other": 0,
    "hasOther": false,
    "skipped": 0,
    "hasSkipped": false
  },
  "results": [
    {
      "uuid": "e4c77cd9-2689-434d-9afd-ff9c38696670",
      "title": "",
      "fullFile": "cypress\\e2e\\todo.cy.js",
      "file": "cypress\\e2e\\todo.cy.js",
      "beforeHooks": [],
      "afterHooks": [],
      "tests": [],
      "suites": [
        {
          "uuid": "2dd10d98-f50e-46de-aa1a-bb0dd8e7f3dd",
          "title": "QA Maestro - Task Manager Tests",
          "fullFile": "",
          "file": "",
          "beforeHooks": [],
          "afterHooks": [],
          "tests": [
            {
              "title": "TC001 - Should load the application correctly",
              "fullTitle": "QA Maestro - Task Manager Tests TC001 - Should load the application correctly",
              "timedOut": null,
              "duration": 1045,
              "state": "passed",
              "speed": "fast",
              "pass": true,
              "fail": false,
              "pending": false,
              "context": null,
              "code": "cy.contains('QA Maestro').should('be.visible');\ncy.get('[data-cy=\"task-input\"]').should('be.visible');\ncy.get('[data-cy=\"add-button\"]').should('be.visible');",
              "err": {},
              "uuid": "762fcf43-146f-47de-a14f-5beeb01b2eb3",
              "parentUUID": "2dd10d98-f50e-46de-aa1a-bb0dd8e7f3dd",
              "isHook": false,
              "skipped": false
            },
            {
              "title": "TC002 - Should add a new task",
              "fullTitle": "QA Maestro - Task Manager Tests TC002 - Should add a new task",
              "timedOut": null,
              "duration": 1174,
              "state": "passed",
              "speed": "fast",
              "pass": true,
              "fail": false,
              "pending": false,
              "context": null,
              "code": "const newTask = 'Test authentication flow on staging';\ncy.get('[data-cy=\"task-input\"]').type(newTask);\ncy.get('[data-cy=\"add-button\"]').click();\ncy.get('[data-cy=\"task-item\"]').first().within(() => {\n  cy.get('[data-cy=\"task-title\"]').should('contain', newTask);\n});\ncy.get('[data-cy=\"task-input\"]').should('have.value', '');",
              "err": {},
              "uuid": "2bb1b306-8a63-45c3-a9c2-3c97ea6dfbf7",
              "parentUUID": "2dd10d98-f50e-46de-aa1a-bb0dd8e7f3dd",
              "isHook": false,
              "skipped": false
            },
            {
              "title": "TC003 - Should complete a task",
              "fullTitle": "QA Maestro - Task Manager Tests TC003 - Should complete a task",
              "timedOut": null,
              "duration": 775,
              "state": "passed",
              "speed": "fast",
              "pass": true,
              "fail": false,
              "pending": false,
              "context": null,
              "code": "// Adiciona task primeiro\ncy.get('[data-cy=\"task-input\"]').type('Task to complete{enter}');\n// Marca como completa\ncy.get('[data-cy=\"task-item\"]').first().within(() => {\n  cy.get('[data-cy=\"task-checkbox\"]').should('not.be.checked');\n  cy.get('[data-cy=\"task-checkbox\"]').check();\n  cy.get('[data-cy=\"task-checkbox\"]').should('be.checked');\n});",
              "err": {},
              "uuid": "b3970102-d22b-487e-b9b4-00ff8a7d9a47",
              "parentUUID": "2dd10d98-f50e-46de-aa1a-bb0dd8e7f3dd",
              "isHook": false,
              "skipped": false
            },
            {
              "title": "TC004 - Should delete a task",
              "fullTitle": "QA Maestro - Task Manager Tests TC004 - Should delete a task",
              "timedOut": null,
              "duration": 904,
              "state": "passed",
              "speed": "fast",
              "pass": true,
              "fail": false,
              "pending": false,
              "context": null,
              "code": "// Adiciona task primeiro\ncy.get('[data-cy=\"task-input\"]').type('Task to delete{enter}');\n// Conta tasks antes\ncy.get('[data-cy=\"task-item\"]').then($items => {\n  const countBefore = $items.length;\n  // Deleta primeira\n  cy.get('[data-cy=\"task-item\"]').first().within(() => {\n    cy.get('[data-cy=\"delete-button\"]').click();\n  });\n  // Verifica que tem 1 a menos\n  cy.get('[data-cy=\"task-item\"]').should('have.length', countBefore - 1);\n});",
              "err": {},
              "uuid": "1756ca38-bc36-47ab-a137-932b17157061",
              "parentUUID": "2dd10d98-f50e-46de-aa1a-bb0dd8e7f3dd",
              "isHook": false,
              "skipped": false
            },
            {
              "title": "TC005 - Should clear completed tasks",
              "fullTitle": "QA Maestro - Task Manager Tests TC005 - Should clear completed tasks",
              "timedOut": null,
              "duration": 1173,
              "state": "passed",
              "speed": "fast",
              "pass": true,
              "fail": false,
              "pending": false,
              "context": null,
              "code": "// Adiciona 2 tasks\ncy.get('[data-cy=\"task-input\"]').type('Task 1{enter}');\ncy.get('[data-cy=\"task-input\"]').type('Task 2{enter}');\n// Marca ambas como completas\ncy.get('[data-cy=\"task-item\"]').eq(0).within(() => {\n  cy.get('[data-cy=\"task-checkbox\"]').check();\n});\ncy.get('[data-cy=\"task-item\"]').eq(1).within(() => {\n  cy.get('[data-cy=\"task-checkbox\"]').check();\n});\n// Clica \"Clear completed\"\ncy.get('[data-cy=\"clear-completed\"]').click();\n// Verifica que todas completas foram removidas\ncy.get('[data-cy=\"task-item\"]').should('not.exist');",
              "err": {},
              "uuid": "b1d0a0ca-2aaf-4ee8-8c2a-005c0383ec78",
              "parentUUID": "2dd10d98-f50e-46de-aa1a-bb0dd8e7f3dd",
              "isHook": false,
              "skipped": false
            },
            {
              "title": "TC006 - Should add task using Enter key",
              "fullTitle": "QA Maestro - Task Manager Tests TC006 - Should add task using Enter key",
              "timedOut": null,
              "duration": 731,
              "state": "passed",
              "speed": "fast",
              "pass": true,
              "fail": false,
              "pending": false,
              "context": null,
              "code": "const newTask = 'Task via Enter key';\ncy.get('[data-cy=\"task-input\"]').type(`${newTask}{enter}`);\ncy.get('[data-cy=\"task-item\"]').first().within(() => {\n  cy.get('[data-cy=\"task-title\"]').should('contain', newTask);\n});",
              "err": {},
              "uuid": "179b60e6-b35a-4d1c-859c-ec52e28682a6",
              "parentUUID": "2dd10d98-f50e-46de-aa1a-bb0dd8e7f3dd",
              "isHook": false,
              "skipped": false
            },
            {
              "title": "TC007 - Should update remaining tasks counter",
              "fullTitle": "QA Maestro - Task Manager Tests TC007 - Should update remaining tasks counter",
              "timedOut": null,
              "duration": 1015,
              "state": "passed",
              "speed": "fast",
              "pass": true,
              "fail": false,
              "pending": false,
              "context": null,
              "code": "// Limpeza condicional à prova de falhas\ncy.get('body').then($body => {\n  if ($body.find('[data-cy=\"task-item\"]').length > 0) {\n    cy.get('[data-cy=\"task-checkbox\"]').check({\n      multiple: true\n    });\n    cy.get('[data-cy=\"clear-completed\"]').click();\n  }\n});\n// Adiciona 2 tasks novas\ncy.get('[data-cy=\"task-input\"]').type('Task 1{enter}');\ncy.get('[data-cy=\"task-input\"]').type('Task 2{enter}');\n// Verifica contador inicial\ncy.contains('2 tasks remaining').should('be.visible');\n// Marca a primeira como completa\ncy.get('[data-cy=\"task-item\"]').first().within(() => {\n  cy.get('[data-cy=\"task-checkbox\"]').check();\n});\n// Verifica contador atualizado\ncy.contains('1 task remaining').should('be.visible');",
              "err": {},
              "uuid": "075ffb70-37e5-46a2-90b0-fc27ac6ce095",
              "parentUUID": "2dd10d98-f50e-46de-aa1a-bb0dd8e7f3dd",
              "isHook": false,
              "skipped": false
            },
            {
              "title": "TC008 - Should not add empty task",
              "fullTitle": "QA Maestro - Task Manager Tests TC008 - Should not add empty task",
              "timedOut": null,
              "duration": 509,
              "state": "passed",
              "speed": "fast",
              "pass": true,
              "fail": false,
              "pending": false,
              "context": null,
              "code": "// 1. O botão já deve estar desabilitado no carregamento (input vazio)\ncy.get('[data-cy=\"add-button\"]').should('be.disabled');\n// 2. Tenta preencher apenas com espaços em branco (sem clicar em nada)\ncy.get('[data-cy=\"task-input\"]').type('   ');\n// 3. O botão DEVE CONTINUAR desabilitado (não aceitou só espaços)\ncy.get('[data-cy=\"add-button\"]').should('be.disabled');",
              "err": {},
              "uuid": "036df033-cbe5-4325-877b-f4dbb69055cd",
              "parentUUID": "2dd10d98-f50e-46de-aa1a-bb0dd8e7f3dd",
              "isHook": false,
              "skipped": false
            },
            {
              "title": "TC009 - Should prevent duplicate tasks",
              "fullTitle": "QA Maestro - Task Manager Tests TC009 - Should prevent duplicate tasks",
              "timedOut": null,
              "duration": 1418,
              "state": "passed",
              "speed": "fast",
              "pass": true,
              "fail": false,
              "pending": false,
              "context": null,
              "code": "const taskName = 'Duplicate test task';\n// Adiciona primeira vez\ncy.get('[data-cy=\"task-input\"]').type(`${taskName}{enter}`);\ncy.contains(taskName).should('be.visible');\n// Tenta adicionar de novo\ncy.get('[data-cy=\"task-input\"]').type(`${taskName}{enter}`);\n// Verifica que erro aparece\ncy.contains('Task already exists').should('be.visible');",
              "err": {},
              "uuid": "05bf837f-61c6-4b8f-8783-e76326c31822",
              "parentUUID": "2dd10d98-f50e-46de-aa1a-bb0dd8e7f3dd",
              "isHook": false,
              "skipped": false
            },
            {
              "title": "TC010 - Should filter tasks by status",
              "fullTitle": "QA Maestro - Task Manager Tests TC010 - Should filter tasks by status",
              "timedOut": null,
              "duration": 1911,
              "state": "passed",
              "speed": "fast",
              "pass": true,
              "fail": false,
              "pending": false,
              "context": null,
              "code": "// Limpeza condicional à prova de falhas\ncy.get('body').then($body => {\n  if ($body.find('[data-cy=\"task-item\"]').length > 0) {\n    cy.get('[data-cy=\"task-checkbox\"]').check({\n      multiple: true\n    });\n    cy.get('[data-cy=\"clear-completed\"]').click();\n  }\n});\n// Adiciona 3 tasks\ncy.get('[data-cy=\"task-input\"]').type('Active task 1{enter}');\ncy.get('[data-cy=\"task-input\"]').type('Active task 2{enter}');\ncy.get('[data-cy=\"task-input\"]').type('Task to complete{enter}');\n// Marca a última como completa\ncy.get('[data-cy=\"task-item\"]').last().within(() => {\n  cy.get('[data-cy=\"task-checkbox\"]').check();\n});\n// Filtra por \"Active\"\ncy.contains('button', 'Active').click();\ncy.get('[data-cy=\"task-item\"]').should('have.length', 2);\n// Filtra por \"Completed\"\ncy.contains('button', 'Completed').click();\ncy.get('[data-cy=\"task-item\"]').should('have.length', 1);\n// Volta pra \"All\"\ncy.contains('button', 'All').click();\ncy.get('[data-cy=\"task-item\"]').should('have.length', 3);",
              "err": {},
              "uuid": "a746b337-022e-4c50-88d7-e379a8290768",
              "parentUUID": "2dd10d98-f50e-46de-aa1a-bb0dd8e7f3dd",
              "isHook": false,
              "skipped": false
            }
          ],
          "suites": [],
          "passes": [
            "762fcf43-146f-47de-a14f-5beeb01b2eb3",
            "2bb1b306-8a63-45c3-a9c2-3c97ea6dfbf7",
            "b3970102-d22b-487e-b9b4-00ff8a7d9a47",
            "1756ca38-bc36-47ab-a137-932b17157061",
            "b1d0a0ca-2aaf-4ee8-8c2a-005c0383ec78",
            "179b60e6-b35a-4d1c-859c-ec52e28682a6",
            "075ffb70-37e5-46a2-90b0-fc27ac6ce095",
            "036df033-cbe5-4325-877b-f4dbb69055cd",
            "05bf837f-61c6-4b8f-8783-e76326c31822",
            "a746b337-022e-4c50-88d7-e379a8290768"
          ],
          "failures": [],
          "pending": [],
          "skipped": [],
          "duration": 10655,
          "root": false,
          "rootEmpty": false,
          "_timeout": 2000
        }
      ],
      "passes": [],
      "failures": [],
      "pending": [],
      "skipped": [],
      "duration": 0,
      "root": true,
      "rootEmpty": true,
      "_timeout": 2000
    }
  ],
  "meta": {
    "mocha": {
      "version": "7.0.1"
    },
    "mochawesome": {
      "options": {
        "quiet": false,
        "reportFilename": "mochawesome",
        "saveHtml": false,
        "saveJson": true,
        "consoleReporter": "spec",
        "useInlineDiffs": false,
        "code": true
      },
      "version": "7.1.4"
    },
    "marge": {
      "options": {
        "reportDir": "cypress/results/json",
        "overwrite": false,
        "html": false,
        "json": true,
        "timestamp": "mmddyyyy_HHMMss"
      },
      "version": "6.3.2"
    }
  }
}