{
  "stats": {
    "suites": 1,
    "tests": 4,
    "passes": 1,
    "pending": 0,
    "failures": 3,
    "start": "2026-03-13T04:34:43.068Z",
    "end": "2026-03-13T04:34:58.512Z",
    "duration": 15444,
    "testsRegistered": 4,
    "passPercent": 25,
    "pendingPercent": 0,
    "other": 0,
    "hasOther": false,
    "skipped": 0,
    "hasSkipped": false
  },
  "results": [
    {
      "uuid": "28efa4ac-6429-434f-bd92-2ebf47a6ca0a",
      "title": "",
      "fullFile": "cypress\\e2e\\todo.cy.js",
      "file": "cypress\\e2e\\todo.cy.js",
      "beforeHooks": [],
      "afterHooks": [],
      "tests": [],
      "suites": [
        {
          "uuid": "438b632d-9eb8-4344-9051-f8bad9794c73",
          "title": "QA Maestro - Task Manager Tests (AI Diagnostic Suite)",
          "fullFile": "",
          "file": "",
          "beforeHooks": [],
          "afterHooks": [],
          "tests": [
            {
              "title": "TC001 - Should load the application correctly",
              "fullTitle": "QA Maestro - Task Manager Tests (AI Diagnostic Suite) TC001 - Should load the application correctly",
              "timedOut": null,
              "duration": 979,
              "state": "passed",
              "speed": "fast",
              "pass": true,
              "fail": false,
              "pending": false,
              "context": null,
              "code": "cy.contains('QA Maestro').should('be.visible');\ncy.get('[data-cy=\"task-input\"]').should('be.visible');\ncy.get('[data-cy=\"add-button\"]').should('be.visible');",
              "err": {},
              "uuid": "6a3406e7-0d86-4077-bbf1-c2263daab352",
              "parentUUID": "438b632d-9eb8-4344-9051-f8bad9794c73",
              "isHook": false,
              "skipped": false
            },
            {
              "title": "TC002 - Should display a success toast after adding a task (Timing Issue)",
              "fullTitle": "QA Maestro - Task Manager Tests (AI Diagnostic Suite) TC002 - Should display a success toast after adding a task (Timing Issue)",
              "timedOut": null,
              "duration": 4986,
              "state": "failed",
              "speed": null,
              "pass": false,
              "fail": true,
              "pending": false,
              "context": null,
              "code": "const newTask = 'Task to trigger timeout';\ncy.get('[data-cy=\"task-input\"]').type(newTask);\ncy.get('[data-cy=\"add-button\"]').click();\n// ERRO INTENCIONAL: O frontend não tem toast de sucesso implementado, \n// forçando o Cypress a esperar 4 segundos e falhar por timeout de visibilidade.\ncy.get('[data-cy=\"toast-success-message\"]', {\n  timeout: 4000\n}).should('be.visible');",
              "err": {
                "message": "AssertionError: Timed out retrying after 4000ms: Expected to find element: `[data-cy=\"toast-success-message\"]`, but never found it.",
                "estack": "AssertionError: Timed out retrying after 4000ms: Expected to find element: `[data-cy=\"toast-success-message\"]`, but never found it.\n    at Context.eval (webpack://todo-app/./cypress/e2e/todo.cy.js:23:67)",
                "diff": null
              },
              "uuid": "3d4ea2f5-27ec-484d-b7c6-0ee9bc1338e1",
              "parentUUID": "438b632d-9eb8-4344-9051-f8bad9794c73",
              "isHook": false,
              "skipped": false
            },
            {
              "title": "TC003 - Should complete a task (Selector Mutation Issue)",
              "fullTitle": "QA Maestro - Task Manager Tests (AI Diagnostic Suite) TC003 - Should complete a task (Selector Mutation Issue)",
              "timedOut": null,
              "duration": 4173,
              "state": "failed",
              "speed": null,
              "pass": false,
              "fail": true,
              "pending": false,
              "context": null,
              "code": "cy.get('[data-test=\"task-input\"]').type('Task to complete{enter}'); // Erro intencional: data-test ao invés de data-cy\n// Como a linha de cima vai falhar, ele nem chega no resto, simulando um dev que mudou o atributo no HTML.\ncy.get('[data-cy=\"task-item\"]').first().find('[data-cy=\"complete-checkbox\"]').click();",
              "err": {
                "message": "AssertionError: Timed out retrying after 4000ms: Expected to find element: `[data-test=\"task-input\"]`, but never found it.",
                "estack": "AssertionError: Timed out retrying after 4000ms: Expected to find element: `[data-test=\"task-input\"]`, but never found it.\n    at Context.eval (webpack://todo-app/./cypress/e2e/todo.cy.js:29:7)",
                "diff": null
              },
              "uuid": "897a9996-2dda-4407-a8b2-d982886e0b9e",
              "parentUUID": "438b632d-9eb8-4344-9051-f8bad9794c73",
              "isHook": false,
              "skipped": false
            },
            {
              "title": "TC004 - Should count tasks correctly (Logic Issue)",
              "fullTitle": "QA Maestro - Task Manager Tests (AI Diagnostic Suite) TC004 - Should count tasks correctly (Logic Issue)",
              "timedOut": null,
              "duration": 5184,
              "state": "failed",
              "speed": null,
              "pass": false,
              "fail": true,
              "pending": false,
              "context": null,
              "code": "// Adicionamos apenas 2 tarefas\ncy.get('[data-cy=\"task-input\"]').type('Task 1');\ncy.get('[data-cy=\"add-button\"]').click();\ncy.get('[data-cy=\"task-input\"]').type('Task 2');\ncy.get('[data-cy=\"add-button\"]').click();\n// ERRO INTENCIONAL: Vamos afirmar que existem 5 tarefas na lista, \n// simulando um bug de cálculo de paginação ou filtro.\ncy.get('[data-cy=\"task-item\"]').should('have.length', 5);",
              "err": {
                "message": "AssertionError: Timed out retrying after 4000ms: Not enough elements found. Found '2', expected '5'.",
                "estack": "AssertionError: Timed out retrying after 4000ms: Not enough elements found. Found '2', expected '5'.\n    at Context.eval (webpack://todo-app/./cypress/e2e/todo.cy.js:46:36)",
                "diff": "- 2\n+ 5\n"
              },
              "uuid": "4939ec40-36ef-45c8-929a-0fec2c7c4e27",
              "parentUUID": "438b632d-9eb8-4344-9051-f8bad9794c73",
              "isHook": false,
              "skipped": false
            }
          ],
          "suites": [],
          "passes": [
            "6a3406e7-0d86-4077-bbf1-c2263daab352"
          ],
          "failures": [
            "3d4ea2f5-27ec-484d-b7c6-0ee9bc1338e1",
            "897a9996-2dda-4407-a8b2-d982886e0b9e",
            "4939ec40-36ef-45c8-929a-0fec2c7c4e27"
          ],
          "pending": [],
          "skipped": [],
          "duration": 15322,
          "root": false,
          "rootEmpty": false,
          "_timeout": 2000
        }
      ],
      "passes": [],
      "failures": [],
      "pending": [],
      "skipped": [],
      "duration": 0,
      "root": true,
      "rootEmpty": true,
      "_timeout": 2000
    }
  ],
  "meta": {
    "mocha": {
      "version": "7.0.1"
    },
    "mochawesome": {
      "options": {
        "quiet": false,
        "reportFilename": "mochawesome",
        "saveHtml": false,
        "saveJson": true,
        "consoleReporter": "spec",
        "useInlineDiffs": false,
        "code": true
      },
      "version": "7.1.4"
    },
    "marge": {
      "options": {
        "reportDir": "cypress/results/json",
        "overwrite": false,
        "html": false,
        "json": true,
        "timestamp": "mmddyyyy_HHMMss"
      },
      "version": "6.3.2"
    }
  }
}