{
  "stats": {
    "suites": 1,
    "tests": 10,
    "passes": 9,
    "pending": 0,
    "failures": 1,
    "start": "2026-03-06T03:28:29.335Z",
    "end": "2026-03-06T03:28:44.257Z",
    "duration": 14922,
    "testsRegistered": 10,
    "passPercent": 90,
    "pendingPercent": 0,
    "other": 0,
    "hasOther": false,
    "skipped": 0,
    "hasSkipped": false
  },
  "results": [
    {
      "uuid": "8a41a20f-1255-4833-869e-572acb864d4b",
      "title": "",
      "fullFile": "cypress\\e2e\\todo.cy.js",
      "file": "cypress\\e2e\\todo.cy.js",
      "beforeHooks": [],
      "afterHooks": [],
      "tests": [],
      "suites": [
        {
          "uuid": "bcd33683-b3bf-426c-909d-01382b03197e",
          "title": "QA Maestro - Task Manager Tests",
          "fullFile": "",
          "file": "",
          "beforeHooks": [],
          "afterHooks": [],
          "tests": [
            {
              "title": "TC001 - Should load the application correctly",
              "fullTitle": "QA Maestro - Task Manager Tests TC001 - Should load the application correctly",
              "timedOut": null,
              "duration": 1004,
              "state": "passed",
              "speed": "fast",
              "pass": true,
              "fail": false,
              "pending": false,
              "context": null,
              "code": "cy.contains('QA Maestro').should('be.visible');\ncy.get('[data-cy=\"task-input\"]').should('be.visible');\ncy.get('[data-cy=\"add-button\"]').should('be.visible');",
              "err": {},
              "uuid": "75aa68c1-1c28-4ca6-915a-082e20f662e6",
              "parentUUID": "bcd33683-b3bf-426c-909d-01382b03197e",
              "isHook": false,
              "skipped": false
            },
            {
              "title": "TC002 - Should add a new task",
              "fullTitle": "QA Maestro - Task Manager Tests TC002 - Should add a new task",
              "timedOut": null,
              "duration": 1180,
              "state": "passed",
              "speed": "fast",
              "pass": true,
              "fail": false,
              "pending": false,
              "context": null,
              "code": "const newTask = 'Test authentication flow on staging';\ncy.get('[data-cy=\"task-input\"]').type(newTask);\ncy.get('[data-cy=\"add-button\"]').click();\ncy.get('[data-cy=\"task-item\"]').first().within(() => {\n  cy.get('[data-cy=\"task-title\"]').should('contain', newTask);\n});\ncy.get('[data-cy=\"task-input\"]').should('have.value', '');",
              "err": {},
              "uuid": "f3c2c707-d389-4ac7-9ad8-d23b02e7dae5",
              "parentUUID": "bcd33683-b3bf-426c-909d-01382b03197e",
              "isHook": false,
              "skipped": false
            },
            {
              "title": "TC003 - Should complete a task",
              "fullTitle": "QA Maestro - Task Manager Tests TC003 - Should complete a task",
              "timedOut": null,
              "duration": 767,
              "state": "passed",
              "speed": "fast",
              "pass": true,
              "fail": false,
              "pending": false,
              "context": null,
              "code": "// Adiciona task primeiro\ncy.get('[data-cy=\"task-input\"]').type('Task to complete{enter}');\n// Marca como completa\ncy.get('[data-cy=\"task-item\"]').first().within(() => {\n  cy.get('[data-cy=\"task-checkbox\"]').should('not.be.checked');\n  cy.get('[data-cy=\"task-checkbox\"]').check();\n  cy.get('[data-cy=\"task-checkbox\"]').should('be.checked');\n});",
              "err": {},
              "uuid": "0be03883-e409-4633-a02a-5c31d8b4097b",
              "parentUUID": "bcd33683-b3bf-426c-909d-01382b03197e",
              "isHook": false,
              "skipped": false
            },
            {
              "title": "TC004 - Should delete a task",
              "fullTitle": "QA Maestro - Task Manager Tests TC004 - Should delete a task",
              "timedOut": null,
              "duration": 907,
              "state": "passed",
              "speed": "fast",
              "pass": true,
              "fail": false,
              "pending": false,
              "context": null,
              "code": "// Adiciona task primeiro\ncy.get('[data-cy=\"task-input\"]').type('Task to delete{enter}');\n// Conta tasks antes\ncy.get('[data-cy=\"task-item\"]').then($items => {\n  const countBefore = $items.length;\n  // Deleta primeira\n  cy.get('[data-cy=\"task-item\"]').first().within(() => {\n    cy.get('[data-cy=\"delete-button\"]').click();\n  });\n  // Verifica que tem 1 a menos\n  cy.get('[data-cy=\"task-item\"]').should('have.length', countBefore - 1);\n});",
              "err": {},
              "uuid": "cfccd102-46e8-4bd7-b8f1-260972048f14",
              "parentUUID": "bcd33683-b3bf-426c-909d-01382b03197e",
              "isHook": false,
              "skipped": false
            },
            {
              "title": "TC005 - Should clear completed tasks",
              "fullTitle": "QA Maestro - Task Manager Tests TC005 - Should clear completed tasks",
              "timedOut": null,
              "duration": 1167,
              "state": "passed",
              "speed": "fast",
              "pass": true,
              "fail": false,
              "pending": false,
              "context": null,
              "code": "// Adiciona 2 tasks\ncy.get('[data-cy=\"task-input\"]').type('Task 1{enter}');\ncy.get('[data-cy=\"task-input\"]').type('Task 2{enter}');\n// Marca ambas como completas\ncy.get('[data-cy=\"task-item\"]').eq(0).within(() => {\n  cy.get('[data-cy=\"task-checkbox\"]').check();\n});\ncy.get('[data-cy=\"task-item\"]').eq(1).within(() => {\n  cy.get('[data-cy=\"task-checkbox\"]').check();\n});\n// Clica \"Clear completed\"\ncy.get('[data-cy=\"clear-completed\"]').click();\n// Verifica que todas completas foram removidas\ncy.get('[data-cy=\"task-item\"]').should('not.exist');",
              "err": {},
              "uuid": "362a2ee4-6dad-45a7-988b-0f3dcce77250",
              "parentUUID": "bcd33683-b3bf-426c-909d-01382b03197e",
              "isHook": false,
              "skipped": false
            },
            {
              "title": "TC006 - Should add task using Enter key",
              "fullTitle": "QA Maestro - Task Manager Tests TC006 - Should add task using Enter key",
              "timedOut": null,
              "duration": 717,
              "state": "passed",
              "speed": "fast",
              "pass": true,
              "fail": false,
              "pending": false,
              "context": null,
              "code": "const newTask = 'Task via Enter key';\ncy.get('[data-cy=\"task-input\"]').type(`${newTask}{enter}`);\ncy.get('[data-cy=\"task-item\"]').first().within(() => {\n  cy.get('[data-cy=\"task-title\"]').should('contain', newTask);\n});",
              "err": {},
              "uuid": "82b0dfb6-1c92-497c-9c63-d866f9fd591e",
              "parentUUID": "bcd33683-b3bf-426c-909d-01382b03197e",
              "isHook": false,
              "skipped": false
            },
            {
              "title": "TC007 - Should update remaining tasks counter",
              "fullTitle": "QA Maestro - Task Manager Tests TC007 - Should update remaining tasks counter",
              "timedOut": null,
              "duration": 1005,
              "state": "passed",
              "speed": "fast",
              "pass": true,
              "fail": false,
              "pending": false,
              "context": null,
              "code": "// Limpeza condicional à prova de falhas\ncy.get('body').then($body => {\n  if ($body.find('[data-cy=\"task-item\"]').length > 0) {\n    cy.get('[data-cy=\"task-checkbox\"]').check({\n      multiple: true\n    });\n    cy.get('[data-cy=\"clear-completed\"]').click();\n  }\n});\n// Adiciona 2 tasks novas\ncy.get('[data-cy=\"task-input\"]').type('Task 1{enter}');\ncy.get('[data-cy=\"task-input\"]').type('Task 2{enter}');\n// Verifica contador inicial\ncy.contains('2 tasks remaining').should('be.visible');\n// Marca a primeira como completa\ncy.get('[data-cy=\"task-item\"]').first().within(() => {\n  cy.get('[data-cy=\"task-checkbox\"]').check();\n});\n// Verifica contador atualizado\ncy.contains('1 task remaining').should('be.visible');",
              "err": {},
              "uuid": "bafc0967-edae-4da4-a5fc-567af4234257",
              "parentUUID": "bcd33683-b3bf-426c-909d-01382b03197e",
              "isHook": false,
              "skipped": false
            },
            {
              "title": "TC008 - Should not add empty task",
              "fullTitle": "QA Maestro - Task Manager Tests TC008 - Should not add empty task",
              "timedOut": null,
              "duration": 4586,
              "state": "failed",
              "speed": null,
              "pass": false,
              "fail": true,
              "pending": false,
              "context": null,
              "code": "// Tenta adicionar vazio\ncy.get('[data-cy=\"add-button\"]').click();\n// Verifica que erro aparece\ncy.contains('Task title is required').should('be.visible');\n// Tenta com espaços apenas\ncy.get('[data-cy=\"task-input\"]').type('   ');\ncy.get('[data-cy=\"add-button\"]').click();\ncy.contains('Task title is required').should('be.visible');",
              "err": {
                "message": "CypressError: Timed out retrying after 4050ms: `cy.click()` failed because this element is `disabled`:\n\n`<button type=\"submit\" class=\"add-button\" data-cy=\"add-button\" disabled=\"\">Add Task</button>`\n\nFix this problem, or use `{force: true}` to disable error checking.\n\nhttps://on.cypress.io/element-cannot-be-interacted-with",
                "estack": "CypressError: Timed out retrying after 4050ms: `cy.click()` failed because this element is `disabled`:\n\n`<button type=\"submit\" class=\"add-button\" data-cy=\"add-button\" disabled=\"\">Add Task</button>`\n\nFix this problem, or use `{force: true}` to disable error checking.\n\nhttps://on.cypress.io/element-cannot-be-interacted-with\n    at Object.isNotDisabled (http://localhost:5173/__cypress/runner/cypress_runner.js:144923:58)\n    at runAllChecks (http://localhost:5173/__cypress/runner/cypress_runner.js:113250:26)\n    at retryActionability (http://localhost:5173/__cypress/runner/cypress_runner.js:113339:16)\n    at tryCatcher (http://localhost:5173/__cypress/runner/cypress_runner.js:1830:23)\n    at Promise.attempt.Promise.try (http://localhost:5173/__cypress/runner/cypress_runner.js:4338:29)\n    at whenStable (http://localhost:5173/__cypress/runner/cypress_runner.js:143744:68)\n    at <unknown> (http://localhost:5173/__cypress/runner/cypress_runner.js:143685:14)\n    at tryCatcher (http://localhost:5173/__cypress/runner/cypress_runner.js:1830:23)\n    at Promise._settlePromiseFromHandler (http://localhost:5173/__cypress/runner/cypress_runner.js:1542:31)\n    at Promise._settlePromise (http://localhost:5173/__cypress/runner/cypress_runner.js:1599:18)\n    at Promise._settlePromise0 (http://localhost:5173/__cypress/runner/cypress_runner.js:1644:10)\n    at Promise._settlePromises (http://localhost:5173/__cypress/runner/cypress_runner.js:1724:18)\n    at Promise._fulfill (http://localhost:5173/__cypress/runner/cypress_runner.js:1668:18)\n    at <unknown> (http://localhost:5173/__cypress/runner/cypress_runner.js:5473:46)\nFrom Your Spec Code:\n    at Context.eval (webpack://todo-app/./cypress/e2e/todo.cy.js:115:37)",
                "diff": null
              },
              "uuid": "222d7b46-4942-472f-ad79-a49856e3510e",
              "parentUUID": "bcd33683-b3bf-426c-909d-01382b03197e",
              "isHook": false,
              "skipped": false
            },
            {
              "title": "TC009 - Should prevent duplicate tasks",
              "fullTitle": "QA Maestro - Task Manager Tests TC009 - Should prevent duplicate tasks",
              "timedOut": null,
              "duration": 1417,
              "state": "passed",
              "speed": "fast",
              "pass": true,
              "fail": false,
              "pending": false,
              "context": null,
              "code": "const taskName = 'Duplicate test task';\n// Adiciona primeira vez\ncy.get('[data-cy=\"task-input\"]').type(`${taskName}{enter}`);\ncy.contains(taskName).should('be.visible');\n// Tenta adicionar de novo\ncy.get('[data-cy=\"task-input\"]').type(`${taskName}{enter}`);\n// Verifica que erro aparece\ncy.contains('Task already exists').should('be.visible');",
              "err": {},
              "uuid": "00241bdc-b994-4221-a9f0-ceaf9da7cb6a",
              "parentUUID": "bcd33683-b3bf-426c-909d-01382b03197e",
              "isHook": false,
              "skipped": false
            },
            {
              "title": "TC010 - Should filter tasks by status",
              "fullTitle": "QA Maestro - Task Manager Tests TC010 - Should filter tasks by status",
              "timedOut": null,
              "duration": 1930,
              "state": "passed",
              "speed": "fast",
              "pass": true,
              "fail": false,
              "pending": false,
              "context": null,
              "code": "// Limpeza condicional à prova de falhas\ncy.get('body').then($body => {\n  if ($body.find('[data-cy=\"task-item\"]').length > 0) {\n    cy.get('[data-cy=\"task-checkbox\"]').check({\n      multiple: true\n    });\n    cy.get('[data-cy=\"clear-completed\"]').click();\n  }\n});\n// Adiciona 3 tasks\ncy.get('[data-cy=\"task-input\"]').type('Active task 1{enter}');\ncy.get('[data-cy=\"task-input\"]').type('Active task 2{enter}');\ncy.get('[data-cy=\"task-input\"]').type('Task to complete{enter}');\n// Marca a última como completa\ncy.get('[data-cy=\"task-item\"]').last().within(() => {\n  cy.get('[data-cy=\"task-checkbox\"]').check();\n});\n// Filtra por \"Active\"\ncy.contains('button', 'Active').click();\ncy.get('[data-cy=\"task-item\"]').should('have.length', 2);\n// Filtra por \"Completed\"\ncy.contains('button', 'Completed').click();\ncy.get('[data-cy=\"task-item\"]').should('have.length', 1);\n// Volta pra \"All\"\ncy.contains('button', 'All').click();\ncy.get('[data-cy=\"task-item\"]').should('have.length', 3);",
              "err": {},
              "uuid": "5a007525-3364-46a6-84e7-a85e9b60366c",
              "parentUUID": "bcd33683-b3bf-426c-909d-01382b03197e",
              "isHook": false,
              "skipped": false
            }
          ],
          "suites": [],
          "passes": [
            "75aa68c1-1c28-4ca6-915a-082e20f662e6",
            "f3c2c707-d389-4ac7-9ad8-d23b02e7dae5",
            "0be03883-e409-4633-a02a-5c31d8b4097b",
            "cfccd102-46e8-4bd7-b8f1-260972048f14",
            "362a2ee4-6dad-45a7-988b-0f3dcce77250",
            "82b0dfb6-1c92-497c-9c63-d866f9fd591e",
            "bafc0967-edae-4da4-a5fc-567af4234257",
            "00241bdc-b994-4221-a9f0-ceaf9da7cb6a",
            "5a007525-3364-46a6-84e7-a85e9b60366c"
          ],
          "failures": [
            "222d7b46-4942-472f-ad79-a49856e3510e"
          ],
          "pending": [],
          "skipped": [],
          "duration": 14680,
          "root": false,
          "rootEmpty": false,
          "_timeout": 2000
        }
      ],
      "passes": [],
      "failures": [],
      "pending": [],
      "skipped": [],
      "duration": 0,
      "root": true,
      "rootEmpty": true,
      "_timeout": 2000
    }
  ],
  "meta": {
    "mocha": {
      "version": "7.0.1"
    },
    "mochawesome": {
      "options": {
        "quiet": false,
        "reportFilename": "mochawesome",
        "saveHtml": false,
        "saveJson": true,
        "consoleReporter": "spec",
        "useInlineDiffs": false,
        "code": true
      },
      "version": "7.1.4"
    },
    "marge": {
      "options": {
        "reportDir": "cypress/results/json",
        "overwrite": false,
        "html": false,
        "json": true,
        "timestamp": "mmddyyyy_HHMMss"
      },
      "version": "6.3.2"
    }
  }
}