{
  "stats": {
    "suites": 1,
    "tests": 10,
    "passes": 10,
    "pending": 0,
    "failures": 0,
    "start": "2026-03-06T13:44:04.568Z",
    "end": "2026-03-06T13:44:15.590Z",
    "duration": 11022,
    "testsRegistered": 10,
    "passPercent": 100,
    "pendingPercent": 0,
    "other": 0,
    "hasOther": false,
    "skipped": 0,
    "hasSkipped": false
  },
  "results": [
    {
      "uuid": "67395b5b-9d58-43b4-bf11-5ed3973519af",
      "title": "",
      "fullFile": "cypress\\e2e\\todo.cy.js",
      "file": "cypress\\e2e\\todo.cy.js",
      "beforeHooks": [],
      "afterHooks": [],
      "tests": [],
      "suites": [
        {
          "uuid": "c83d111a-6eaf-47b1-b100-0fc800ea3272",
          "title": "QA Maestro - Task Manager Tests",
          "fullFile": "",
          "file": "",
          "beforeHooks": [],
          "afterHooks": [],
          "tests": [
            {
              "title": "TC001 - Should load the application correctly",
              "fullTitle": "QA Maestro - Task Manager Tests TC001 - Should load the application correctly",
              "timedOut": null,
              "duration": 1080,
              "state": "passed",
              "speed": "fast",
              "pass": true,
              "fail": false,
              "pending": false,
              "context": null,
              "code": "cy.contains('QA Maestro').should('be.visible');\ncy.get('[data-cy=\"task-input\"]').should('be.visible');\ncy.get('[data-cy=\"add-button\"]').should('be.visible');",
              "err": {},
              "uuid": "82e0f792-afb0-414f-bdc7-042df6535e3f",
              "parentUUID": "c83d111a-6eaf-47b1-b100-0fc800ea3272",
              "isHook": false,
              "skipped": false
            },
            {
              "title": "TC002 - Should add a new task",
              "fullTitle": "QA Maestro - Task Manager Tests TC002 - Should add a new task",
              "timedOut": null,
              "duration": 1178,
              "state": "passed",
              "speed": "fast",
              "pass": true,
              "fail": false,
              "pending": false,
              "context": null,
              "code": "const newTask = 'Test authentication flow on staging';\ncy.get('[data-cy=\"task-input\"]').type(newTask);\ncy.get('[data-cy=\"add-button\"]').click();\ncy.get('[data-cy=\"task-item\"]').first().within(() => {\n  cy.get('[data-cy=\"task-title\"]').should('contain', newTask);\n});\ncy.get('[data-cy=\"task-input\"]').should('have.value', '');",
              "err": {},
              "uuid": "18e10e7c-9d40-48fc-8fd4-28cd3a4b3860",
              "parentUUID": "c83d111a-6eaf-47b1-b100-0fc800ea3272",
              "isHook": false,
              "skipped": false
            },
            {
              "title": "TC003 - Should complete a task",
              "fullTitle": "QA Maestro - Task Manager Tests TC003 - Should complete a task",
              "timedOut": null,
              "duration": 788,
              "state": "passed",
              "speed": "fast",
              "pass": true,
              "fail": false,
              "pending": false,
              "context": null,
              "code": "// Adiciona task primeiro\ncy.get('[data-cy=\"task-input\"]').type('Task to complete{enter}');\n// Marca como completa\ncy.get('[data-cy=\"task-item\"]').first().within(() => {\n  cy.get('[data-cy=\"task-checkbox\"]').should('not.be.checked');\n  cy.get('[data-cy=\"task-checkbox\"]').check();\n  cy.get('[data-cy=\"task-checkbox\"]').should('be.checked');\n});",
              "err": {},
              "uuid": "b5ba1bd7-d0d2-4d9b-900f-657aca068a8c",
              "parentUUID": "c83d111a-6eaf-47b1-b100-0fc800ea3272",
              "isHook": false,
              "skipped": false
            },
            {
              "title": "TC004 - Should delete a task",
              "fullTitle": "QA Maestro - Task Manager Tests TC004 - Should delete a task",
              "timedOut": null,
              "duration": 917,
              "state": "passed",
              "speed": "fast",
              "pass": true,
              "fail": false,
              "pending": false,
              "context": null,
              "code": "// Adiciona task primeiro\ncy.get('[data-cy=\"task-input\"]').type('Task to delete{enter}');\n// Conta tasks antes\ncy.get('[data-cy=\"task-item\"]').then($items => {\n  const countBefore = $items.length;\n  // Deleta primeira\n  cy.get('[data-cy=\"task-item\"]').first().within(() => {\n    cy.get('[data-cy=\"delete-button\"]').click();\n  });\n  // Verifica que tem 1 a menos\n  cy.get('[data-cy=\"task-item\"]').should('have.length', countBefore - 1);\n});",
              "err": {},
              "uuid": "5cbe8172-d848-45dc-84c0-0d50c22506de",
              "parentUUID": "c83d111a-6eaf-47b1-b100-0fc800ea3272",
              "isHook": false,
              "skipped": false
            },
            {
              "title": "TC005 - Should clear completed tasks",
              "fullTitle": "QA Maestro - Task Manager Tests TC005 - Should clear completed tasks",
              "timedOut": null,
              "duration": 1192,
              "state": "passed",
              "speed": "fast",
              "pass": true,
              "fail": false,
              "pending": false,
              "context": null,
              "code": "// Adiciona 2 tasks\ncy.get('[data-cy=\"task-input\"]').type('Task 1{enter}');\ncy.get('[data-cy=\"task-input\"]').type('Task 2{enter}');\n// Marca ambas como completas\ncy.get('[data-cy=\"task-item\"]').eq(0).within(() => {\n  cy.get('[data-cy=\"task-checkbox\"]').check();\n});\ncy.get('[data-cy=\"task-item\"]').eq(1).within(() => {\n  cy.get('[data-cy=\"task-checkbox\"]').check();\n});\n// Clica \"Clear completed\"\ncy.get('[data-cy=\"clear-completed\"]').click();\n// Verifica que todas completas foram removidas\ncy.get('[data-cy=\"task-item\"]').should('not.exist');",
              "err": {},
              "uuid": "df461455-059d-4a17-8a80-3a6832fae5f7",
              "parentUUID": "c83d111a-6eaf-47b1-b100-0fc800ea3272",
              "isHook": false,
              "skipped": false
            },
            {
              "title": "TC006 - Should add task using Enter key",
              "fullTitle": "QA Maestro - Task Manager Tests TC006 - Should add task using Enter key",
              "timedOut": null,
              "duration": 765,
              "state": "passed",
              "speed": "fast",
              "pass": true,
              "fail": false,
              "pending": false,
              "context": null,
              "code": "const newTask = 'Task via Enter key';\ncy.get('[data-cy=\"task-input\"]').type(`${newTask}{enter}`);\ncy.get('[data-cy=\"task-item\"]').first().within(() => {\n  cy.get('[data-cy=\"task-title\"]').should('contain', newTask);\n});",
              "err": {},
              "uuid": "0271a2a4-3d16-4a9b-a5c5-cecc2875c9af",
              "parentUUID": "c83d111a-6eaf-47b1-b100-0fc800ea3272",
              "isHook": false,
              "skipped": false
            },
            {
              "title": "TC007 - Should update remaining tasks counter",
              "fullTitle": "QA Maestro - Task Manager Tests TC007 - Should update remaining tasks counter",
              "timedOut": null,
              "duration": 1033,
              "state": "passed",
              "speed": "fast",
              "pass": true,
              "fail": false,
              "pending": false,
              "context": null,
              "code": "// Limpeza condicional à prova de falhas\ncy.get('body').then($body => {\n  if ($body.find('[data-cy=\"task-item\"]').length > 0) {\n    cy.get('[data-cy=\"task-checkbox\"]').check({\n      multiple: true\n    });\n    cy.get('[data-cy=\"clear-completed\"]').click();\n  }\n});\n// Adiciona 2 tasks novas\ncy.get('[data-cy=\"task-input\"]').type('Task 1{enter}');\ncy.get('[data-cy=\"task-input\"]').type('Task 2{enter}');\n// Verifica contador inicial\ncy.contains('2 tasks remaining').should('be.visible');\n// Marca a primeira como completa\ncy.get('[data-cy=\"task-item\"]').first().within(() => {\n  cy.get('[data-cy=\"task-checkbox\"]').check();\n});\n// Verifica contador atualizado\ncy.contains('1 task remaining').should('be.visible');",
              "err": {},
              "uuid": "9547df63-67ac-4f41-aa64-7111efea97e6",
              "parentUUID": "c83d111a-6eaf-47b1-b100-0fc800ea3272",
              "isHook": false,
              "skipped": false
            },
            {
              "title": "TC008 - Should not add empty task",
              "fullTitle": "QA Maestro - Task Manager Tests TC008 - Should not add empty task",
              "timedOut": null,
              "duration": 524,
              "state": "passed",
              "speed": "fast",
              "pass": true,
              "fail": false,
              "pending": false,
              "context": null,
              "code": "// 1. O botão já deve estar desabilitado no carregamento (input vazio)\ncy.get('[data-cy=\"add-button\"]').should('be.disabled');\n// 2. Tenta preencher apenas com espaços em branco (sem clicar em nada)\ncy.get('[data-cy=\"task-input\"]').type('   ');\n// 3. O botão DEVE CONTINUAR desabilitado (não aceitou só espaços)\ncy.get('[data-cy=\"add-button\"]').should('be.disabled');",
              "err": {},
              "uuid": "10f74cc9-387f-4237-ab0c-35276ba1292a",
              "parentUUID": "c83d111a-6eaf-47b1-b100-0fc800ea3272",
              "isHook": false,
              "skipped": false
            },
            {
              "title": "TC009 - Should prevent duplicate tasks",
              "fullTitle": "QA Maestro - Task Manager Tests TC009 - Should prevent duplicate tasks",
              "timedOut": null,
              "duration": 1405,
              "state": "passed",
              "speed": "fast",
              "pass": true,
              "fail": false,
              "pending": false,
              "context": null,
              "code": "const taskName = 'Duplicate test task';\n// Adiciona primeira vez\ncy.get('[data-cy=\"task-input\"]').type(`${taskName}{enter}`);\ncy.contains(taskName).should('be.visible');\n// Tenta adicionar de novo\ncy.get('[data-cy=\"task-input\"]').type(`${taskName}{enter}`);\n// Verifica que erro aparece\ncy.contains('Task already exists').should('be.visible');",
              "err": {},
              "uuid": "720807e0-70b3-4d3e-9050-9e35e6ff97dc",
              "parentUUID": "c83d111a-6eaf-47b1-b100-0fc800ea3272",
              "isHook": false,
              "skipped": false
            },
            {
              "title": "TC010 - Should filter tasks by status",
              "fullTitle": "QA Maestro - Task Manager Tests TC010 - Should filter tasks by status",
              "timedOut": null,
              "duration": 1916,
              "state": "passed",
              "speed": "fast",
              "pass": true,
              "fail": false,
              "pending": false,
              "context": null,
              "code": "// Limpeza condicional à prova de falhas\ncy.get('body').then($body => {\n  if ($body.find('[data-cy=\"task-item\"]').length > 0) {\n    cy.get('[data-cy=\"task-checkbox\"]').check({\n      multiple: true\n    });\n    cy.get('[data-cy=\"clear-completed\"]').click();\n  }\n});\n// Adiciona 3 tasks\ncy.get('[data-cy=\"task-input\"]').type('Active task 1{enter}');\ncy.get('[data-cy=\"task-input\"]').type('Active task 2{enter}');\ncy.get('[data-cy=\"task-input\"]').type('Task to complete{enter}');\n// Marca a última como completa\ncy.get('[data-cy=\"task-item\"]').last().within(() => {\n  cy.get('[data-cy=\"task-checkbox\"]').check();\n});\n// Filtra por \"Active\"\ncy.contains('button', 'Active').click();\ncy.get('[data-cy=\"task-item\"]').should('have.length', 2);\n// Filtra por \"Completed\"\ncy.contains('button', 'Completed').click();\ncy.get('[data-cy=\"task-item\"]').should('have.length', 1);\n// Volta pra \"All\"\ncy.contains('button', 'All').click();\ncy.get('[data-cy=\"task-item\"]').should('have.length', 3);",
              "err": {},
              "uuid": "9aadfa94-20e4-48d9-9228-2e4924d291f0",
              "parentUUID": "c83d111a-6eaf-47b1-b100-0fc800ea3272",
              "isHook": false,
              "skipped": false
            }
          ],
          "suites": [],
          "passes": [
            "82e0f792-afb0-414f-bdc7-042df6535e3f",
            "18e10e7c-9d40-48fc-8fd4-28cd3a4b3860",
            "b5ba1bd7-d0d2-4d9b-900f-657aca068a8c",
            "5cbe8172-d848-45dc-84c0-0d50c22506de",
            "df461455-059d-4a17-8a80-3a6832fae5f7",
            "0271a2a4-3d16-4a9b-a5c5-cecc2875c9af",
            "9547df63-67ac-4f41-aa64-7111efea97e6",
            "10f74cc9-387f-4237-ab0c-35276ba1292a",
            "720807e0-70b3-4d3e-9050-9e35e6ff97dc",
            "9aadfa94-20e4-48d9-9228-2e4924d291f0"
          ],
          "failures": [],
          "pending": [],
          "skipped": [],
          "duration": 10798,
          "root": false,
          "rootEmpty": false,
          "_timeout": 2000
        }
      ],
      "passes": [],
      "failures": [],
      "pending": [],
      "skipped": [],
      "duration": 0,
      "root": true,
      "rootEmpty": true,
      "_timeout": 2000
    }
  ],
  "meta": {
    "mocha": {
      "version": "7.0.1"
    },
    "mochawesome": {
      "options": {
        "quiet": false,
        "reportFilename": "mochawesome",
        "saveHtml": false,
        "saveJson": true,
        "consoleReporter": "spec",
        "useInlineDiffs": false,
        "code": true
      },
      "version": "7.1.4"
    },
    "marge": {
      "options": {
        "reportDir": "cypress/results/json",
        "overwrite": false,
        "html": false,
        "json": true,
        "timestamp": "mmddyyyy_HHMMss"
      },
      "version": "6.3.2"
    }
  }
}