{
  "stats": {
    "suites": 1,
    "tests": 10,
    "passes": 10,
    "pending": 0,
    "failures": 0,
    "start": "2026-03-15T20:33:09.731Z",
    "end": "2026-03-15T20:33:13.985Z",
    "duration": 4254,
    "testsRegistered": 10,
    "passPercent": 100,
    "pendingPercent": 0,
    "other": 0,
    "hasOther": false,
    "skipped": 0,
    "hasSkipped": false
  },
  "results": [
    {
      "uuid": "82f982c8-fd2c-4a05-84ee-862a149d36a3",
      "title": "",
      "fullFile": "cypress\\e2e\\todo.cy.js",
      "file": "cypress\\e2e\\todo.cy.js",
      "beforeHooks": [],
      "afterHooks": [],
      "tests": [],
      "suites": [
        {
          "uuid": "62e27db4-71d8-4d7a-9cf9-9cfc32f32a6c",
          "title": "Todo App - Core Business Flows (Perfect Run)",
          "fullFile": "",
          "file": "",
          "beforeHooks": [],
          "afterHooks": [],
          "tests": [
            {
              "title": "System Health: Should load the application dashboard successfully",
              "fullTitle": "Todo App - Core Business Flows (Perfect Run) System Health: Should load the application dashboard successfully",
              "timedOut": null,
              "duration": 203,
              "state": "passed",
              "speed": "fast",
              "pass": true,
              "fail": false,
              "pending": false,
              "context": null,
              "code": "cy.wait(120);\nexpect(true).to.be.true;",
              "err": {},
              "uuid": "73e063b0-9365-4abe-aa0e-9abc75511d77",
              "parentUUID": "62e27db4-71d8-4d7a-9cf9-9cfc32f32a6c",
              "isHook": false,
              "skipped": false
            },
            {
              "title": "Authentication: Should login successfully with valid user credentials",
              "fullTitle": "Todo App - Core Business Flows (Perfect Run) Authentication: Should login successfully with valid user credentials",
              "timedOut": null,
              "duration": 424,
              "state": "passed",
              "speed": "fast",
              "pass": true,
              "fail": false,
              "pending": false,
              "context": null,
              "code": "cy.wait(350);\n// Simula validação de token\nexpect(200).to.equal(200);",
              "err": {},
              "uuid": "ea68cf6a-ed6e-419b-8e2c-811660668183",
              "parentUUID": "62e27db4-71d8-4d7a-9cf9-9cfc32f32a6c",
              "isHook": false,
              "skipped": false
            },
            {
              "title": "CRUD - Create: Should add a new task to the list",
              "fullTitle": "Todo App - Core Business Flows (Perfect Run) CRUD - Create: Should add a new task to the list",
              "timedOut": null,
              "duration": 465,
              "state": "passed",
              "speed": "fast",
              "pass": true,
              "fail": false,
              "pending": false,
              "context": null,
              "code": "cy.wait(400);\nexpect('task created').to.include('created');",
              "err": {},
              "uuid": "75bbb0e9-6427-4600-ad9c-958219ea056d",
              "parentUUID": "62e27db4-71d8-4d7a-9cf9-9cfc32f32a6c",
              "isHook": false,
              "skipped": false
            },
            {
              "title": "CRUD - Read: Should display the task list fetched from the database",
              "fullTitle": "Todo App - Core Business Flows (Perfect Run) CRUD - Read: Should display the task list fetched from the database",
              "timedOut": null,
              "duration": 224,
              "state": "passed",
              "speed": "fast",
              "pass": true,
              "fail": false,
              "pending": false,
              "context": null,
              "code": "cy.wait(150);\nexpect([1, 2, 3]).to.have.lengthOf(3);",
              "err": {},
              "uuid": "f5f51fbe-e8da-4684-876a-21657b9ecaca",
              "parentUUID": "62e27db4-71d8-4d7a-9cf9-9cfc32f32a6c",
              "isHook": false,
              "skipped": false
            },
            {
              "title": "CRUD - Update: Should mark a pending task as completed",
              "fullTitle": "Todo App - Core Business Flows (Perfect Run) CRUD - Update: Should mark a pending task as completed",
              "timedOut": null,
              "duration": 317,
              "state": "passed",
              "speed": "fast",
              "pass": true,
              "fail": false,
              "pending": false,
              "context": null,
              "code": "cy.wait(250);\nconst taskStatus = 'completed';\nexpect(taskStatus).to.equal('completed');",
              "err": {},
              "uuid": "ed51c7d2-4aca-449f-9d7e-752ef1257fe9",
              "parentUUID": "62e27db4-71d8-4d7a-9cf9-9cfc32f32a6c",
              "isHook": false,
              "skipped": false
            },
            {
              "title": "CRUD - Delete: Should remove a task from the list and update UI",
              "fullTitle": "Todo App - Core Business Flows (Perfect Run) CRUD - Delete: Should remove a task from the list and update UI",
              "timedOut": null,
              "duration": 369,
              "state": "passed",
              "speed": "fast",
              "pass": true,
              "fail": false,
              "pending": false,
              "context": null,
              "code": "cy.wait(300);\nexpect(true).to.be.true;",
              "err": {},
              "uuid": "1716b0b8-305c-41dd-96a2-469869452595",
              "parentUUID": "62e27db4-71d8-4d7a-9cf9-9cfc32f32a6c",
              "isHook": false,
              "skipped": false
            },
            {
              "title": "Data Integrity: Should persist user data after page reload",
              "fullTitle": "Todo App - Core Business Flows (Perfect Run) Data Integrity: Should persist user data after page reload",
              "timedOut": null,
              "duration": 574,
              "state": "passed",
              "speed": "fast",
              "pass": true,
              "fail": false,
              "pending": false,
              "context": null,
              "code": "cy.wait(500);\nexpect('persisted').to.equal('persisted');",
              "err": {},
              "uuid": "c26b2e4d-da76-40c2-92c8-5d70d103fbd3",
              "parentUUID": "62e27db4-71d8-4d7a-9cf9-9cfc32f32a6c",
              "isHook": false,
              "skipped": false
            },
            {
              "title": "Business Rule: Should prevent creating a task with an empty title",
              "fullTitle": "Todo App - Core Business Flows (Perfect Run) Business Rule: Should prevent creating a task with an empty title",
              "timedOut": null,
              "duration": 162,
              "state": "passed",
              "speed": "fast",
              "pass": true,
              "fail": false,
              "pending": false,
              "context": null,
              "code": "cy.wait(100);\n// Simula o bloqueio do botão de salvar\nexpect('disabled').to.exist;",
              "err": {},
              "uuid": "f36a119d-bc65-45e2-9706-cee4da1203a0",
              "parentUUID": "62e27db4-71d8-4d7a-9cf9-9cfc32f32a6c",
              "isHook": false,
              "skipped": false
            },
            {
              "title": "API State: Should handle 200 OK response from the backend sync endpoint",
              "fullTitle": "Todo App - Core Business Flows (Perfect Run) API State: Should handle 200 OK response from the backend sync endpoint",
              "timedOut": null,
              "duration": 521,
              "state": "passed",
              "speed": "fast",
              "pass": true,
              "fail": false,
              "pending": false,
              "context": null,
              "code": "cy.wait(450);\nexpect(200).to.be.within(200, 299);",
              "err": {},
              "uuid": "a4df4f5c-408e-4986-b06a-a982a66d52a3",
              "parentUUID": "62e27db4-71d8-4d7a-9cf9-9cfc32f32a6c",
              "isHook": false,
              "skipped": false
            },
            {
              "title": "Performance: UI should render a list of 50 items under 2 seconds",
              "fullTitle": "Todo App - Core Business Flows (Perfect Run) Performance: UI should render a list of 50 items under 2 seconds",
              "timedOut": null,
              "duration": 876,
              "state": "passed",
              "speed": "fast",
              "pass": true,
              "fail": false,
              "pending": false,
              "context": null,
              "code": "cy.wait(800); // Teste mais demorado simulando renderização\nexpect(true).to.be.true;",
              "err": {},
              "uuid": "05780bce-0fa8-4cb2-b788-760d8c632f31",
              "parentUUID": "62e27db4-71d8-4d7a-9cf9-9cfc32f32a6c",
              "isHook": false,
              "skipped": false
            }
          ],
          "suites": [],
          "passes": [
            "73e063b0-9365-4abe-aa0e-9abc75511d77",
            "ea68cf6a-ed6e-419b-8e2c-811660668183",
            "75bbb0e9-6427-4600-ad9c-958219ea056d",
            "f5f51fbe-e8da-4684-876a-21657b9ecaca",
            "ed51c7d2-4aca-449f-9d7e-752ef1257fe9",
            "1716b0b8-305c-41dd-96a2-469869452595",
            "c26b2e4d-da76-40c2-92c8-5d70d103fbd3",
            "f36a119d-bc65-45e2-9706-cee4da1203a0",
            "a4df4f5c-408e-4986-b06a-a982a66d52a3",
            "05780bce-0fa8-4cb2-b788-760d8c632f31"
          ],
          "failures": [],
          "pending": [],
          "skipped": [],
          "duration": 4135,
          "root": false,
          "rootEmpty": false,
          "_timeout": 2000
        }
      ],
      "passes": [],
      "failures": [],
      "pending": [],
      "skipped": [],
      "duration": 0,
      "root": true,
      "rootEmpty": true,
      "_timeout": 2000
    }
  ],
  "meta": {
    "mocha": {
      "version": "7.0.1"
    },
    "mochawesome": {
      "options": {
        "quiet": false,
        "reportFilename": "mochawesome",
        "saveHtml": false,
        "saveJson": true,
        "consoleReporter": "spec",
        "useInlineDiffs": false,
        "code": true
      },
      "version": "7.1.4"
    },
    "marge": {
      "options": {
        "reportDir": "cypress/results/json",
        "overwrite": false,
        "html": false,
        "json": true,
        "timestamp": "mmddyyyy_HHMMss"
      },
      "version": "6.3.2"
    }
  }
}