{
  "stats": {
    "suites": 1,
    "tests": 10,
    "passes": 6,
    "pending": 0,
    "failures": 4,
    "start": "2026-03-15T01:39:30.723Z",
    "end": "2026-03-15T01:39:57.368Z",
    "duration": 26645,
    "testsRegistered": 10,
    "passPercent": 60,
    "pendingPercent": 0,
    "other": 0,
    "hasOther": false,
    "skipped": 0,
    "hasSkipped": false
  },
  "results": [
    {
      "uuid": "3cbc06cd-a104-41e0-a55d-184933e4f115",
      "title": "",
      "fullFile": "cypress\\e2e\\todo.cy.js",
      "file": "cypress\\e2e\\todo.cy.js",
      "beforeHooks": [],
      "afterHooks": [],
      "tests": [],
      "suites": [
        {
          "uuid": "5705970c-98be-485d-8712-b5f60fddb97a",
          "title": "Sauce Demo - E2E AI Diagnostic Suite",
          "fullFile": "",
          "file": "",
          "beforeHooks": [],
          "afterHooks": [],
          "tests": [
            {
              "title": "TC001 - Should load the login page correctly",
              "fullTitle": "Sauce Demo - E2E AI Diagnostic Suite TC001 - Should load the login page correctly",
              "timedOut": null,
              "duration": 1052,
              "state": "passed",
              "speed": "fast",
              "pass": true,
              "fail": false,
              "pending": false,
              "context": null,
              "code": "cy.get('.login_logo').should('have.text', 'Swag Labs');\ncy.get('[data-test=\"username\"]').should('be.visible');\ncy.get('[data-test=\"login-button\"]').should('be.visible');",
              "err": {},
              "uuid": "a968aff2-3ef5-40b4-af87-337258a3b301",
              "parentUUID": "5705970c-98be-485d-8712-b5f60fddb97a",
              "isHook": false,
              "skipped": false
            },
            {
              "title": "TC002 - Should login successfully with valid credentials",
              "fullTitle": "Sauce Demo - E2E AI Diagnostic Suite TC002 - Should login successfully with valid credentials",
              "timedOut": null,
              "duration": 767,
              "state": "passed",
              "speed": "fast",
              "pass": true,
              "fail": false,
              "pending": false,
              "context": null,
              "code": "login();\ncy.url().should('include', '/inventory.html');\ncy.get('.title').should('have.text', 'Products');",
              "err": {},
              "uuid": "4cbad04b-036c-47e4-ade2-7d27e0b9f11e",
              "parentUUID": "5705970c-98be-485d-8712-b5f60fddb97a",
              "isHook": false,
              "skipped": false
            },
            {
              "title": "TC003 - Should display error message for locked out user",
              "fullTitle": "Sauce Demo - E2E AI Diagnostic Suite TC003 - Should display error message for locked out user",
              "timedOut": null,
              "duration": 947,
              "state": "passed",
              "speed": "fast",
              "pass": true,
              "fail": false,
              "pending": false,
              "context": null,
              "code": "cy.get('[data-test=\"username\"]').type('locked_out_user');\ncy.get('[data-test=\"password\"]').type('secret_sauce');\ncy.get('[data-test=\"login-button\"]').click();\ncy.get('[data-test=\"error\"]').should('contain.text', 'Epic sadface: Sorry, this user has been locked out.');",
              "err": {},
              "uuid": "d95694f2-786b-40be-8cfe-541169ef60ba",
              "parentUUID": "5705970c-98be-485d-8712-b5f60fddb97a",
              "isHook": false,
              "skipped": false
            },
            {
              "title": "TC004 - Should display promotional modal after login (Timing Issue)",
              "fullTitle": "Sauce Demo - E2E AI Diagnostic Suite TC004 - Should display promotional modal after login (Timing Issue)",
              "timedOut": null,
              "duration": 4811,
              "state": "failed",
              "speed": null,
              "pass": false,
              "fail": true,
              "pending": false,
              "context": null,
              "code": "login();\n// ERRO INTENCIONAL: O site não possui esse banner promocional. \n// O Cypress vai esperar 4 segundos e falhar por timeout.\ncy.get('.promotional-offer-banner', {\n  timeout: 4000\n}).should('be.visible');",
              "err": {
                "message": "AssertionError: Timed out retrying after 4000ms: Expected to find element: `.promotional-offer-banner`, but never found it.",
                "estack": "AssertionError: Timed out retrying after 4000ms: Expected to find element: `.promotional-offer-banner`, but never found it.\n    at Context.eval (webpack://todo-app/./cypress/e2e/todo.cy.js:43:59)",
                "diff": null
              },
              "uuid": "5c789edc-c169-456d-b37a-dc4e4d1905b2",
              "parentUUID": "5705970c-98be-485d-8712-b5f60fddb97a",
              "isHook": false,
              "skipped": false
            },
            {
              "title": "TC005 - Should add an item to the shopping cart",
              "fullTitle": "Sauce Demo - E2E AI Diagnostic Suite TC005 - Should add an item to the shopping cart",
              "timedOut": null,
              "duration": 776,
              "state": "passed",
              "speed": "fast",
              "pass": true,
              "fail": false,
              "pending": false,
              "context": null,
              "code": "login();\ncy.get('[data-test=\"add-to-cart-sauce-labs-backpack\"]').click();\ncy.get('.shopping_cart_badge').should('have.text', '1');",
              "err": {},
              "uuid": "61f2fc8d-5c13-4ee3-80b5-d6adb176f850",
              "parentUUID": "5705970c-98be-485d-8712-b5f60fddb97a",
              "isHook": false,
              "skipped": false
            },
            {
              "title": "TC006 - Should remove an item from the shopping cart",
              "fullTitle": "Sauce Demo - E2E AI Diagnostic Suite TC006 - Should remove an item from the shopping cart",
              "timedOut": null,
              "duration": 853,
              "state": "passed",
              "speed": "fast",
              "pass": true,
              "fail": false,
              "pending": false,
              "context": null,
              "code": "login();\ncy.get('[data-test=\"add-to-cart-sauce-labs-backpack\"]').click();\ncy.get('[data-test=\"remove-sauce-labs-backpack\"]').click();\ncy.get('.shopping_cart_badge').should('not.exist');",
              "err": {},
              "uuid": "3daa8510-81f7-45dd-b66f-a2dab258febb",
              "parentUUID": "5705970c-98be-485d-8712-b5f60fddb97a",
              "isHook": false,
              "skipped": false
            },
            {
              "title": "TC007 - Should proceed to checkout (Selector Mutation Issue)",
              "fullTitle": "Sauce Demo - E2E AI Diagnostic Suite TC007 - Should proceed to checkout (Selector Mutation Issue)",
              "timedOut": null,
              "duration": 4932,
              "state": "failed",
              "speed": null,
              "pass": false,
              "fail": true,
              "pending": false,
              "context": null,
              "code": "login();\ncy.get('[data-test=\"add-to-cart-sauce-labs-backpack\"]').click();\ncy.get('.shopping_cart_link').click(); // Vai para o carrinho\n// ERRO INTENCIONAL: O seletor correto é [data-test=\"checkout\"].\n// Simulamos um dev que mudou o nome do data-test no frontend sem avisar o QA.\ncy.get('[data-test=\"btn-checkout-renamed\"]').click();",
              "err": {
                "message": "AssertionError: Timed out retrying after 4000ms: Expected to find element: `[data-test=\"btn-checkout-renamed\"]`, but never found it.",
                "estack": "AssertionError: Timed out retrying after 4000ms: Expected to find element: `[data-test=\"btn-checkout-renamed\"]`, but never found it.\n    at Context.eval (webpack://todo-app/./cypress/e2e/todo.cy.js:70:7)",
                "diff": null
              },
              "uuid": "315f684a-701b-41e3-a887-92c5d06f0e41",
              "parentUUID": "5705970c-98be-485d-8712-b5f60fddb97a",
              "isHook": false,
              "skipped": false
            },
            {
              "title": "TC008 - Should open the hamburger menu",
              "fullTitle": "Sauce Demo - E2E AI Diagnostic Suite TC008 - Should open the hamburger menu",
              "timedOut": null,
              "duration": 984,
              "state": "passed",
              "speed": "fast",
              "pass": true,
              "fail": false,
              "pending": false,
              "context": null,
              "code": "login();\ncy.get('#react-burger-menu-btn').click();\ncy.get('.bm-menu-wrap').should('have.attr', 'aria-hidden', 'false');\ncy.get('#react-burger-cross-btn').click();",
              "err": {},
              "uuid": "1add229e-fc1e-42a4-9168-8e9007bf5d30",
              "parentUUID": "5705970c-98be-485d-8712-b5f60fddb97a",
              "isHook": false,
              "skipped": false
            },
            {
              "title": "TC009 - Should sort products from Z to A",
              "fullTitle": "Sauce Demo - E2E AI Diagnostic Suite TC009 - Should sort products from Z to A",
              "timedOut": null,
              "duration": 4786,
              "state": "failed",
              "speed": null,
              "pass": false,
              "fail": true,
              "pending": false,
              "context": null,
              "code": "login();\ncy.get('[data-test=\"product_sort_container\"]').select('za');\n// Valida se o primeiro item agora é a \"Test.allTheThings() T-Shirt\"\ncy.get('.inventory_item_name').first().should('contain.text', 'Test.allTheThings()');",
              "err": {
                "message": "AssertionError: Timed out retrying after 4000ms: Expected to find element: `[data-test=\"product_sort_container\"]`, but never found it.",
                "estack": "AssertionError: Timed out retrying after 4000ms: Expected to find element: `[data-test=\"product_sort_container\"]`, but never found it.\n    at Context.eval (webpack://todo-app/./cypress/e2e/todo.cy.js:84:7)",
                "diff": null
              },
              "uuid": "ec3c7efd-f701-4d9f-80c5-5c3d5528e139",
              "parentUUID": "5705970c-98be-485d-8712-b5f60fddb97a",
              "isHook": false,
              "skipped": false
            },
            {
              "title": "TC010 - Should calculate total cart items correctly (Logic Issue)",
              "fullTitle": "Sauce Demo - E2E AI Diagnostic Suite TC010 - Should calculate total cart items correctly (Logic Issue)",
              "timedOut": null,
              "duration": 4993,
              "state": "failed",
              "speed": null,
              "pass": false,
              "fail": true,
              "pending": false,
              "context": null,
              "code": "login();\n// Adicionamos 2 itens reais\ncy.get('[data-test=\"add-to-cart-sauce-labs-backpack\"]').click();\ncy.get('[data-test=\"add-to-cart-sauce-labs-bike-light\"]').click();\n// ERRO INTENCIONAL: Vamos afirmar que a badge do carrinho tem o número 5,\n// simulando um bug onde a lógica de soma de itens no backend ou UI quebrou.\ncy.get('.shopping_cart_badge').should('have.text', '5');",
              "err": {
                "message": "AssertionError: Timed out retrying after 4000ms: expected '<span.shopping_cart_badge>' to have text '5', but the text was '2'",
                "estack": "AssertionError: Timed out retrying after 4000ms: expected '<span.shopping_cart_badge>' to have text '5', but the text was '2'\n    at Context.eval (webpack://todo-app/./cypress/e2e/todo.cy.js:100:35)",
                "diff": "- '2'\n+ '5'\n"
              },
              "uuid": "38aea7dc-6ee0-42c0-bac7-937b5c713ce8",
              "parentUUID": "5705970c-98be-485d-8712-b5f60fddb97a",
              "isHook": false,
              "skipped": false
            }
          ],
          "suites": [],
          "passes": [
            "a968aff2-3ef5-40b4-af87-337258a3b301",
            "4cbad04b-036c-47e4-ade2-7d27e0b9f11e",
            "d95694f2-786b-40be-8cfe-541169ef60ba",
            "61f2fc8d-5c13-4ee3-80b5-d6adb176f850",
            "3daa8510-81f7-45dd-b66f-a2dab258febb",
            "1add229e-fc1e-42a4-9168-8e9007bf5d30"
          ],
          "failures": [
            "5c789edc-c169-456d-b37a-dc4e4d1905b2",
            "315f684a-701b-41e3-a887-92c5d06f0e41",
            "ec3c7efd-f701-4d9f-80c5-5c3d5528e139",
            "38aea7dc-6ee0-42c0-bac7-937b5c713ce8"
          ],
          "pending": [],
          "skipped": [],
          "duration": 24901,
          "root": false,
          "rootEmpty": false,
          "_timeout": 2000
        }
      ],
      "passes": [],
      "failures": [],
      "pending": [],
      "skipped": [],
      "duration": 0,
      "root": true,
      "rootEmpty": true,
      "_timeout": 2000
    }
  ],
  "meta": {
    "mocha": {
      "version": "7.0.1"
    },
    "mochawesome": {
      "options": {
        "quiet": false,
        "reportFilename": "mochawesome",
        "saveHtml": false,
        "saveJson": true,
        "consoleReporter": "spec",
        "useInlineDiffs": false,
        "code": true
      },
      "version": "7.1.4"
    },
    "marge": {
      "options": {
        "reportDir": "cypress/results/json",
        "overwrite": false,
        "html": false,
        "json": true,
        "timestamp": "mmddyyyy_HHMMss"
      },
      "version": "6.3.2"
    }
  }
}