{
  "stats": {
    "suites": 1,
    "tests": 10,
    "passes": 10,
    "pending": 0,
    "failures": 0,
    "start": "2026-03-10T22:37:25.942Z",
    "end": "2026-03-10T22:37:36.918Z",
    "duration": 10976,
    "testsRegistered": 10,
    "passPercent": 100,
    "pendingPercent": 0,
    "other": 0,
    "hasOther": false,
    "skipped": 0,
    "hasSkipped": false
  },
  "results": [
    {
      "uuid": "132bd63b-4c1d-4531-9187-d331410f9dd0",
      "title": "",
      "fullFile": "cypress\\e2e\\todo.cy.js",
      "file": "cypress\\e2e\\todo.cy.js",
      "beforeHooks": [],
      "afterHooks": [],
      "tests": [],
      "suites": [
        {
          "uuid": "87ef7579-3943-48c8-afe4-b85ad7559f07",
          "title": "QA Maestro - Task Manager Tests",
          "fullFile": "",
          "file": "",
          "beforeHooks": [],
          "afterHooks": [],
          "tests": [
            {
              "title": "TC001 - Should load the application correctly",
              "fullTitle": "QA Maestro - Task Manager Tests TC001 - Should load the application correctly",
              "timedOut": null,
              "duration": 1025,
              "state": "passed",
              "speed": "fast",
              "pass": true,
              "fail": false,
              "pending": false,
              "context": null,
              "code": "cy.contains('QA Maestro').should('be.visible');\ncy.get('[data-cy=\"task-input\"]').should('be.visible');\ncy.get('[data-cy=\"add-button\"]').should('be.visible');",
              "err": {},
              "uuid": "30b608a5-6616-42fb-96d0-644bfde2eed4",
              "parentUUID": "87ef7579-3943-48c8-afe4-b85ad7559f07",
              "isHook": false,
              "skipped": false
            },
            {
              "title": "TC002 - Should add a new task",
              "fullTitle": "QA Maestro - Task Manager Tests TC002 - Should add a new task",
              "timedOut": null,
              "duration": 1200,
              "state": "passed",
              "speed": "fast",
              "pass": true,
              "fail": false,
              "pending": false,
              "context": null,
              "code": "const newTask = 'Test authentication flow on staging';\ncy.get('[data-cy=\"task-input\"]').type(newTask);\ncy.get('[data-cy=\"add-button\"]').click();\ncy.get('[data-cy=\"task-item\"]').first().within(() => {\n  cy.get('[data-cy=\"task-title\"]').should('contain', newTask);\n});\ncy.get('[data-cy=\"task-input\"]').should('have.value', '');",
              "err": {},
              "uuid": "4855ccb5-8173-496f-aa75-6d37789507c6",
              "parentUUID": "87ef7579-3943-48c8-afe4-b85ad7559f07",
              "isHook": false,
              "skipped": false
            },
            {
              "title": "TC003 - Should complete a task",
              "fullTitle": "QA Maestro - Task Manager Tests TC003 - Should complete a task",
              "timedOut": null,
              "duration": 774,
              "state": "passed",
              "speed": "fast",
              "pass": true,
              "fail": false,
              "pending": false,
              "context": null,
              "code": "// Adiciona task primeiro\ncy.get('[data-cy=\"task-input\"]').type('Task to complete{enter}');\n// Marca como completa\ncy.get('[data-cy=\"task-item\"]').first().within(() => {\n  cy.get('[data-cy=\"task-checkbox\"]').should('not.be.checked');\n  cy.get('[data-cy=\"task-checkbox\"]').check();\n  cy.get('[data-cy=\"task-checkbox\"]').should('be.checked');\n});",
              "err": {},
              "uuid": "fa28c6ea-bdc5-4084-8c60-3ea75bfd6ca0",
              "parentUUID": "87ef7579-3943-48c8-afe4-b85ad7559f07",
              "isHook": false,
              "skipped": false
            },
            {
              "title": "TC004 - Should delete a task",
              "fullTitle": "QA Maestro - Task Manager Tests TC004 - Should delete a task",
              "timedOut": null,
              "duration": 931,
              "state": "passed",
              "speed": "fast",
              "pass": true,
              "fail": false,
              "pending": false,
              "context": null,
              "code": "// Adiciona task primeiro\ncy.get('[data-cy=\"task-input\"]').type('Task to delete{enter}');\n// Conta tasks antes\ncy.get('[data-cy=\"task-item\"]').then($items => {\n  const countBefore = $items.length;\n  // Deleta primeira\n  cy.get('[data-cy=\"task-item\"]').first().within(() => {\n    cy.get('[data-cy=\"delete-button\"]').click();\n  });\n  // Verifica que tem 1 a menos\n  cy.get('[data-cy=\"task-item\"]').should('have.length', countBefore - 1);\n});",
              "err": {},
              "uuid": "61778058-8af7-433d-a7c3-515a30a8dc53",
              "parentUUID": "87ef7579-3943-48c8-afe4-b85ad7559f07",
              "isHook": false,
              "skipped": false
            },
            {
              "title": "TC005 - Should clear completed tasks",
              "fullTitle": "QA Maestro - Task Manager Tests TC005 - Should clear completed tasks",
              "timedOut": null,
              "duration": 1172,
              "state": "passed",
              "speed": "fast",
              "pass": true,
              "fail": false,
              "pending": false,
              "context": null,
              "code": "// Adiciona 2 tasks\ncy.get('[data-cy=\"task-input\"]').type('Task 1{enter}');\ncy.get('[data-cy=\"task-input\"]').type('Task 2{enter}');\n// Marca ambas como completas\ncy.get('[data-cy=\"task-item\"]').eq(0).within(() => {\n  cy.get('[data-cy=\"task-checkbox\"]').check();\n});\ncy.get('[data-cy=\"task-item\"]').eq(1).within(() => {\n  cy.get('[data-cy=\"task-checkbox\"]').check();\n});\n// Clica \"Clear completed\"\ncy.get('[data-cy=\"clear-completed\"]').click();\n// Verifica que todas completas foram removidas\ncy.get('[data-cy=\"task-item\"]').should('not.exist');",
              "err": {},
              "uuid": "195df7eb-6ddf-4197-ad53-c6f18af0b5a5",
              "parentUUID": "87ef7579-3943-48c8-afe4-b85ad7559f07",
              "isHook": false,
              "skipped": false
            },
            {
              "title": "TC006 - Should add task using Enter key",
              "fullTitle": "QA Maestro - Task Manager Tests TC006 - Should add task using Enter key",
              "timedOut": null,
              "duration": 729,
              "state": "passed",
              "speed": "fast",
              "pass": true,
              "fail": false,
              "pending": false,
              "context": null,
              "code": "const newTask = 'Task via Enter key';\ncy.get('[data-cy=\"task-input\"]').type(`${newTask}{enter}`);\ncy.get('[data-cy=\"task-item\"]').first().within(() => {\n  cy.get('[data-cy=\"task-title\"]').should('contain', newTask);\n});",
              "err": {},
              "uuid": "8d10f6f6-5df2-4290-bda8-87d7d3f0af75",
              "parentUUID": "87ef7579-3943-48c8-afe4-b85ad7559f07",
              "isHook": false,
              "skipped": false
            },
            {
              "title": "TC007 - Should update remaining tasks counter",
              "fullTitle": "QA Maestro - Task Manager Tests TC007 - Should update remaining tasks counter",
              "timedOut": null,
              "duration": 1045,
              "state": "passed",
              "speed": "fast",
              "pass": true,
              "fail": false,
              "pending": false,
              "context": null,
              "code": "// Limpeza condicional à prova de falhas\ncy.get('body').then($body => {\n  if ($body.find('[data-cy=\"task-item\"]').length > 0) {\n    cy.get('[data-cy=\"task-checkbox\"]').check({\n      multiple: true\n    });\n    cy.get('[data-cy=\"clear-completed\"]').click();\n  }\n});\n// Adiciona 2 tasks novas\ncy.get('[data-cy=\"task-input\"]').type('Task 1{enter}');\ncy.get('[data-cy=\"task-input\"]').type('Task 2{enter}');\n// Verifica contador inicial\ncy.contains('2 tasks remaining').should('be.visible');\n// Marca a primeira como completa\ncy.get('[data-cy=\"task-item\"]').first().within(() => {\n  cy.get('[data-cy=\"task-checkbox\"]').check();\n});\n// Verifica contador atualizado\ncy.contains('1 task remaining').should('be.visible');",
              "err": {},
              "uuid": "cec2f78f-642e-46e1-8474-54f6261427c8",
              "parentUUID": "87ef7579-3943-48c8-afe4-b85ad7559f07",
              "isHook": false,
              "skipped": false
            },
            {
              "title": "TC008 - Should not add empty task",
              "fullTitle": "QA Maestro - Task Manager Tests TC008 - Should not add empty task",
              "timedOut": null,
              "duration": 526,
              "state": "passed",
              "speed": "fast",
              "pass": true,
              "fail": false,
              "pending": false,
              "context": null,
              "code": "// 1. O botão já deve estar desabilitado no carregamento (input vazio)\ncy.get('[data-cy=\"add-button\"]').should('be.disabled');\n// 2. Tenta preencher apenas com espaços em branco (sem clicar em nada)\ncy.get('[data-cy=\"task-input\"]').type('   ');\n// 3. O botão DEVE CONTINUAR desabilitado (não aceitou só espaços)\ncy.get('[data-cy=\"add-button\"]').should('be.disabled');",
              "err": {},
              "uuid": "c346b01d-14a6-4e62-a2b0-a5a65dac124d",
              "parentUUID": "87ef7579-3943-48c8-afe4-b85ad7559f07",
              "isHook": false,
              "skipped": false
            },
            {
              "title": "TC009 - Should prevent duplicate tasks",
              "fullTitle": "QA Maestro - Task Manager Tests TC009 - Should prevent duplicate tasks",
              "timedOut": null,
              "duration": 1425,
              "state": "passed",
              "speed": "fast",
              "pass": true,
              "fail": false,
              "pending": false,
              "context": null,
              "code": "const taskName = 'Duplicate test task';\n// Adiciona primeira vez\ncy.get('[data-cy=\"task-input\"]').type(`${taskName}{enter}`);\ncy.contains(taskName).should('be.visible');\n// Tenta adicionar de novo\ncy.get('[data-cy=\"task-input\"]').type(`${taskName}{enter}`);\n// Verifica que erro aparece\ncy.contains('Task already exists').should('be.visible');",
              "err": {},
              "uuid": "60e234e6-c927-4320-a872-0b112446c2f6",
              "parentUUID": "87ef7579-3943-48c8-afe4-b85ad7559f07",
              "isHook": false,
              "skipped": false
            },
            {
              "title": "TC010 - Should filter tasks by status",
              "fullTitle": "QA Maestro - Task Manager Tests TC010 - Should filter tasks by status",
              "timedOut": null,
              "duration": 1931,
              "state": "passed",
              "speed": "fast",
              "pass": true,
              "fail": false,
              "pending": false,
              "context": null,
              "code": "// Limpeza condicional à prova de falhas\ncy.get('body').then($body => {\n  if ($body.find('[data-cy=\"task-item\"]').length > 0) {\n    cy.get('[data-cy=\"task-checkbox\"]').check({\n      multiple: true\n    });\n    cy.get('[data-cy=\"clear-completed\"]').click();\n  }\n});\n// Adiciona 3 tasks\ncy.get('[data-cy=\"task-input\"]').type('Active task 1{enter}');\ncy.get('[data-cy=\"task-input\"]').type('Active task 2{enter}');\ncy.get('[data-cy=\"task-input\"]').type('Task to complete{enter}');\n// Marca a última como completa\ncy.get('[data-cy=\"task-item\"]').last().within(() => {\n  cy.get('[data-cy=\"task-checkbox\"]').check();\n});\n// Filtra por \"Active\"\ncy.contains('button', 'Active').click();\ncy.get('[data-cy=\"task-item\"]').should('have.length', 2);\n// Filtra por \"Completed\"\ncy.contains('button', 'Completed').click();\ncy.get('[data-cy=\"task-item\"]').should('have.length', 1);\n// Volta pra \"All\"\ncy.contains('button', 'All').click();\ncy.get('[data-cy=\"task-item\"]').should('have.length', 3);",
              "err": {},
              "uuid": "979e85c6-166a-47fd-a82b-c3c42c65a59c",
              "parentUUID": "87ef7579-3943-48c8-afe4-b85ad7559f07",
              "isHook": false,
              "skipped": false
            }
          ],
          "suites": [],
          "passes": [
            "30b608a5-6616-42fb-96d0-644bfde2eed4",
            "4855ccb5-8173-496f-aa75-6d37789507c6",
            "fa28c6ea-bdc5-4084-8c60-3ea75bfd6ca0",
            "61778058-8af7-433d-a7c3-515a30a8dc53",
            "195df7eb-6ddf-4197-ad53-c6f18af0b5a5",
            "8d10f6f6-5df2-4290-bda8-87d7d3f0af75",
            "cec2f78f-642e-46e1-8474-54f6261427c8",
            "c346b01d-14a6-4e62-a2b0-a5a65dac124d",
            "60e234e6-c927-4320-a872-0b112446c2f6",
            "979e85c6-166a-47fd-a82b-c3c42c65a59c"
          ],
          "failures": [],
          "pending": [],
          "skipped": [],
          "duration": 10758,
          "root": false,
          "rootEmpty": false,
          "_timeout": 2000
        }
      ],
      "passes": [],
      "failures": [],
      "pending": [],
      "skipped": [],
      "duration": 0,
      "root": true,
      "rootEmpty": true,
      "_timeout": 2000
    }
  ],
  "meta": {
    "mocha": {
      "version": "7.0.1"
    },
    "mochawesome": {
      "options": {
        "quiet": false,
        "reportFilename": "mochawesome",
        "saveHtml": false,
        "saveJson": true,
        "consoleReporter": "spec",
        "useInlineDiffs": false,
        "code": true
      },
      "version": "7.1.4"
    },
    "marge": {
      "options": {
        "reportDir": "cypress/results/json",
        "overwrite": false,
        "html": false,
        "json": true,
        "timestamp": "mmddyyyy_HHMMss"
      },
      "version": "6.3.2"
    }
  }
}