{
  "stats": {
    "suites": 1,
    "tests": 5,
    "passes": 5,
    "pending": 0,
    "failures": 0,
    "start": "2026-03-15T03:11:43.392Z",
    "end": "2026-03-15T03:11:49.277Z",
    "duration": 5885,
    "testsRegistered": 5,
    "passPercent": 100,
    "pendingPercent": 0,
    "other": 0,
    "hasOther": false,
    "skipped": 0,
    "hasSkipped": false
  },
  "results": [
    {
      "uuid": "32868c42-19e4-4b8d-8064-ce4c2fc88311",
      "title": "",
      "fullFile": "cypress\\e2e\\todo.cy.js",
      "file": "cypress\\e2e\\todo.cy.js",
      "beforeHooks": [],
      "afterHooks": [],
      "tests": [],
      "suites": [
        {
          "uuid": "977929da-def9-4677-b3bd-09b7c29d5665",
          "title": "Sauce Demo - E2E AI Diagnostic Suite",
          "fullFile": "",
          "file": "",
          "beforeHooks": [],
          "afterHooks": [],
          "tests": [
            {
              "title": "TC001 - Should load the login page correctly",
              "fullTitle": "Sauce Demo - E2E AI Diagnostic Suite TC001 - Should load the login page correctly",
              "timedOut": null,
              "duration": 1088,
              "state": "passed",
              "speed": "fast",
              "pass": true,
              "fail": false,
              "pending": false,
              "context": null,
              "code": "cy.get('.login_logo').should('have.text', 'Swag Labs');\ncy.get('[data-test=\"username\"]').should('be.visible');\ncy.get('[data-test=\"login-button\"]').should('be.visible');",
              "err": {},
              "uuid": "97bc1a70-7fad-4905-aa80-ae3bc25d0160",
              "parentUUID": "977929da-def9-4677-b3bd-09b7c29d5665",
              "isHook": false,
              "skipped": false
            },
            {
              "title": "TC002 - Should login successfully with valid credentials",
              "fullTitle": "Sauce Demo - E2E AI Diagnostic Suite TC002 - Should login successfully with valid credentials",
              "timedOut": null,
              "duration": 768,
              "state": "passed",
              "speed": "fast",
              "pass": true,
              "fail": false,
              "pending": false,
              "context": null,
              "code": "login();\ncy.url().should('include', '/inventory.html');\ncy.get('.title').should('have.text', 'Products');",
              "err": {},
              "uuid": "e27b6f87-af6d-4eeb-b013-faa801e499cd",
              "parentUUID": "977929da-def9-4677-b3bd-09b7c29d5665",
              "isHook": false,
              "skipped": false
            },
            {
              "title": "TC003 - Should display error message for locked out user",
              "fullTitle": "Sauce Demo - E2E AI Diagnostic Suite TC003 - Should display error message for locked out user",
              "timedOut": null,
              "duration": 907,
              "state": "passed",
              "speed": "fast",
              "pass": true,
              "fail": false,
              "pending": false,
              "context": null,
              "code": "cy.get('[data-test=\"username\"]').type('locked_out_user');\ncy.get('[data-test=\"password\"]').type('secret_sauce');\ncy.get('[data-test=\"login-button\"]').click();\ncy.get('[data-test=\"error\"]').should('contain.text', 'Epic sadface: Sorry, this user has been locked out.');",
              "err": {},
              "uuid": "b0a90779-96e7-4e5e-9031-9f18c9cea2f2",
              "parentUUID": "977929da-def9-4677-b3bd-09b7c29d5665",
              "isHook": false,
              "skipped": false
            },
            {
              "title": "TC005 - Should add an item to the shopping cart",
              "fullTitle": "Sauce Demo - E2E AI Diagnostic Suite TC005 - Should add an item to the shopping cart",
              "timedOut": null,
              "duration": 783,
              "state": "passed",
              "speed": "fast",
              "pass": true,
              "fail": false,
              "pending": false,
              "context": null,
              "code": "login();\ncy.get('[data-test=\"add-to-cart-sauce-labs-backpack\"]').click();\ncy.get('.shopping_cart_badge').should('have.text', '1');",
              "err": {},
              "uuid": "93b37652-ca15-41a1-9ae6-7bdbee2259d6",
              "parentUUID": "977929da-def9-4677-b3bd-09b7c29d5665",
              "isHook": false,
              "skipped": false
            },
            {
              "title": "TC006 - Should remove an item from the shopping cart",
              "fullTitle": "Sauce Demo - E2E AI Diagnostic Suite TC006 - Should remove an item from the shopping cart",
              "timedOut": null,
              "duration": 853,
              "state": "passed",
              "speed": "fast",
              "pass": true,
              "fail": false,
              "pending": false,
              "context": null,
              "code": "login();\ncy.get('[data-test=\"add-to-cart-sauce-labs-backpack\"]').click();\ncy.get('[data-test=\"remove-sauce-labs-backpack\"]').click();\ncy.get('.shopping_cart_badge').should('not.exist');",
              "err": {},
              "uuid": "893ba48e-511b-4a81-8a36-b43c6d578712",
              "parentUUID": "977929da-def9-4677-b3bd-09b7c29d5665",
              "isHook": false,
              "skipped": false
            }
          ],
          "suites": [],
          "passes": [
            "97bc1a70-7fad-4905-aa80-ae3bc25d0160",
            "e27b6f87-af6d-4eeb-b013-faa801e499cd",
            "b0a90779-96e7-4e5e-9031-9f18c9cea2f2",
            "93b37652-ca15-41a1-9ae6-7bdbee2259d6",
            "893ba48e-511b-4a81-8a36-b43c6d578712"
          ],
          "failures": [],
          "pending": [],
          "skipped": [],
          "duration": 4399,
          "root": false,
          "rootEmpty": false,
          "_timeout": 2000
        }
      ],
      "passes": [],
      "failures": [],
      "pending": [],
      "skipped": [],
      "duration": 0,
      "root": true,
      "rootEmpty": true,
      "_timeout": 2000
    }
  ],
  "meta": {
    "mocha": {
      "version": "7.0.1"
    },
    "mochawesome": {
      "options": {
        "quiet": false,
        "reportFilename": "mochawesome",
        "saveHtml": false,
        "saveJson": true,
        "consoleReporter": "spec",
        "useInlineDiffs": false,
        "code": true
      },
      "version": "7.1.4"
    },
    "marge": {
      "options": {
        "reportDir": "cypress/results/json",
        "overwrite": false,
        "html": false,
        "json": true,
        "timestamp": "mmddyyyy_HHMMss"
      },
      "version": "6.3.2"
    }
  }
}